-30.297865 1426
-29.814867 2658
-28.742184 2805
-27.505354 2627
-26.344828 2562
-25.437181 2935
-24.218069 2724
-23.073681 2624
-22.043879 2710
-20.889545 2576
-19.686741 2327
-18.752005 2552
-17.511499 2120
-16.681005 2425
-15.725835 2506
-14.754970 2563
-13.619238 2315
-12.675303 2410
-11.770679 2587
-10.642344 2356
-9.579986 2243
-8.449053 2008
-7.474658 2051
-6.523952 2142
-5.440196 1992
-4.380574 1873
-3.442900 1997
-2.408711 1932
-1.498845 2097
-0.434432 1981
0.624629 1875
1.739773 1662
2.664499 1803
3.713198 1713
4.781684 1593
5.788702 1580
6.874506 1425
7.774792 1605
8.717291 1708
9.710286 1721
10.947154 1293
12.215771 780
12.998684 1188
13.983468 1220
15.159225 895
15.993282 1202
17.129742 945
18.022869 1131
18.896170 1380
19.891218 1401
21.196512 820
22.259295 688
23.001205 1158
24.310577 563
25.128525 868
26.105549 901
27.121618 865
28.157576 784
29.087622 907
